<?xml version="1.0" encoding="UTF-8"?>
<!-- Generated by org.testng.reporters.JUnitXMLReporter -->
<testsuite ignored="1" hostname="DESKTOP-KQS8UMH" failures="0" tests="18" name="Test" time="0.868" errors="0" timestamp="2022-07-13T23:52:57 IST">
  <testcase classname="TestNGPackage.TestNGPriority" name="test8" time="0.035"/>
  <testcase classname="TestNGPackage.TestNGPriority" name="test2" time="0.002"/>
  <testcase classname="TestNGPackage.TestNGPriority" name="test1" time="0.003"/>
  <testcase classname="TestNGPackage.TestNGPriority" name="_test_" time="0.007"/>
  <testcase classname="TestNGPackage.TestNGPriority" name="grp" time="0.01"/>
  <testcase classname="TestNGPackage.TestNGPriority" name="test$" time="0.011"/>
  <testcase classname="TestNGPackage.TestNGGroups" name="test1" time="0.006"/>
  <testcase classname="TestNGPackage.TestNGGroups" name="test3" time="0.244"/>
  <testcase classname="TestNGPackage.TestNGGroups" name="test87" time="0.005"/>
  <testcase classname="TestNGPackage.TestNGGroups" name="test87" time="0.002"/>
  <testcase classname="TestNGPackage.TestNGGroups" name="test87" time="0.007"/>
  <testcase classname="TestNGPackage.TestNGGroups" name="test87" time="0.003"/>
  <testcase classname="TestNGPackage.TestNGGroups" name="test87" time="0.002"/>
  <testcase classname="TestNGPackage.TestNGGroups" name="test87" time="0.004"/>
  <testcase classname="TestNGPackage.TestNGPriority" name="test9" time="0.003"/>
  <testcase classname="TestNGPackage.TestNGPriority" name="test5" time="0.007"/>
  <testcase classname="TestNGPackage.TestNGPriority" name="test6" time="0.006"/>
  <testcase classname="TestNGPackage.TestNGPriority" name="test3" time="0.002"/>
  <testcase classname="TestNGPackage.TestNGGroups" name="test2" time="0.0">
    <ignored/>
  </testcase> <!-- test2 -->
</testsuite> <!-- Test -->

