<?xml version="1.0" encoding="UTF-8"?>
<!-- Generated by org.testng.reporters.JUnitXMLReporter -->
<testsuite ignored="3" hostname="DESKTOP-KQS8UMH" failures="0" tests="1" name="test2" time="0.011" errors="0" timestamp="2022-07-14T00:42:59 IST">
  <testcase classname="TestNGPackage.TestNGGroups" name="test1" time="0.005"/>
  <testcase classname="TestNGPackage.TestNGGroups" name="test3" time="0.0">
    <ignored/>
  </testcase> <!-- test3 -->
  <testcase classname="TestNGPackage.TestNGGroups" name="test2" time="0.0">
    <ignored/>
  </testcase> <!-- test2 -->
  <testcase classname="TestNGPackage.TestNGGroups" name="test87" time="0.0">
    <ignored/>
  </testcase> <!-- test87 -->
</testsuite> <!-- test2 -->
