<?xml version="1.0" encoding="UTF-8"?>
<!-- Generated by org.testng.reporters.JUnitXMLReporter -->
<testsuite ignored="9" hostname="DESKTOP-KQS8UMH" failures="0" tests="1" name="test3" time="0.051" errors="0" timestamp="2022-07-14T00:42:59 IST">
  <testcase classname="TestNGPackage.TestNGPriority" name="test8" time="0.001"/>
  <testcase classname="TestNGPackage.TestNGPriority" name="test6" time="0.0">
    <ignored/>
  </testcase> <!-- test6 -->
  <testcase classname="TestNGPackage.TestNGPriority" name="test9" time="0.0">
    <ignored/>
  </testcase> <!-- test9 -->
  <testcase classname="TestNGPackage.TestNGPriority" name="_test_" time="0.0">
    <ignored/>
  </testcase> <!-- _test_ -->
  <testcase classname="TestNGPackage.TestNGPriority" name="test3" time="0.0">
    <ignored/>
  </testcase> <!-- test3 -->
  <testcase classname="TestNGPackage.TestNGPriority" name="test2" time="0.0">
    <ignored/>
  </testcase> <!-- test2 -->
  <testcase classname="TestNGPackage.TestNGPriority" name="test5" time="0.0">
    <ignored/>
  </testcase> <!-- test5 -->
  <testcase classname="TestNGPackage.TestNGPriority" name="test$" time="0.0">
    <ignored/>
  </testcase> <!-- test$ -->
  <testcase classname="TestNGPackage.TestNGPriority" name="test1" time="0.0">
    <ignored/>
  </testcase> <!-- test1 -->
  <testcase classname="TestNGPackage.TestNGPriority" name="grp" time="0.0">
    <ignored/>
  </testcase> <!-- grp -->
</testsuite> <!-- test3 -->
