<?xml version="1.0" encoding="UTF-8"?>
<testng-results ignored="0" total="1" passed="1" failed="0" skipped="0">
  <reporter-output>
  </reporter-output>
  <suite started-at="2022-08-14T17:38:45 IST" name="Default suite" finished-at="2022-08-14T17:39:46 IST" duration-ms="61624">
    <groups>
    </groups>
    <test started-at="2022-08-14T17:38:45 IST" name="Default test" finished-at="2022-08-14T17:39:46 IST" duration-ms="61624">
      <class name="InternetHerokuApp.DragAndDrop">
        <test-method signature="test()[pri:0, instance:InternetHerokuApp.DragAndDrop@5ab956d7]" started-at="2022-08-14T17:38:45 IST" name="test" finished-at="2022-08-14T17:39:46 IST" duration-ms="61403" status="PASS">
          <reporter-output>
          </reporter-output>
        </test-method> <!-- test -->
      </class> <!-- InternetHerokuApp.DragAndDrop -->
    </test> <!-- Default test -->
  </suite> <!-- Default suite -->
</testng-results>
